<?xml version="1.0" encoding="UTF-8"?>
<testsuite name="com.example.currency.service.CurrencyServiceTest" tests="6" skipped="0" failures="0" errors="0" timestamp="2023-07-13T06:12:49" hostname="DESKTOP-VBA9AE3" time="1.66">
  <properties/>
  <testcase name="getcurrencyById()" classname="com.example.currency.service.CurrencyServiceTest" time="1.618"/>
  <testcase name="getcurrency()" classname="com.example.currency.service.CurrencyServiceTest" time="0.004"/>
  <testcase name="testGetCurrencyByIdNotFound()" classname="com.example.currency.service.CurrencyServiceTest" time="0.006"/>
  <testcase name="updatedata()" classname="com.example.currency.service.CurrencyServiceTest" time="0.011"/>
  <testcase name="saveCurrency()" classname="com.example.currency.service.CurrencyServiceTest" time="0.012"/>
  <testcase name="deleteById()" classname="com.example.currency.service.CurrencyServiceTest" time="0.003"/>
  <system-out><![CDATA[]]></system-out>
  <system-err><![CDATA[]]></system-err>
</testsuite>
